This file contains any messages produced by compilers while
running configure, to aid debugging if configure makes a mistake.

It was created by cursestk configure 0.1, which was
generated by GNU Autoconf 2.69.  Invocation command line was

  $ ./configure 

## --------- ##
## Platform. ##
## --------- ##

hostname = asus
uname -m = x86_64
uname -r = 4.10.0-35-generic
uname -s = Linux
uname -v = #39-Ubuntu SMP Wed Sep 13 07:46:59 UTC 2017

/usr/bin/uname -p = unknown
/bin/uname -X     = unknown

/bin/arch              = unknown
/usr/bin/arch -k       = unknown
/usr/convex/getsysinfo = unknown
/usr/bin/hostinfo      = unknown
/bin/machine           = unknown
/usr/bin/oslevel       = unknown
/bin/universe          = unknown

PATH: /usr/local/sbin
PATH: /usr/local/bin
PATH: /usr/sbin
PATH: /usr/bin
PATH: /sbin
PATH: /bin
PATH: /usr/games
PATH: /usr/local/games
PATH: /home/tom/bin
PATH: /home/tom/bin


## ----------- ##
## Core tests. ##
## ----------- ##

configure:2456: checking for a BSD-compatible install
configure:2524: result: /usr/bin/install -c
configure:2535: checking whether build environment is sane
configure:2590: result: yes
configure:2741: checking for a thread-safe mkdir -p
configure:2780: result: /bin/mkdir -p
configure:2787: checking for gawk
configure:2817: result: no
configure:2787: checking for mawk
configure:2803: found /usr/bin/mawk
configure:2814: result: mawk
configure:2825: checking whether make sets $(MAKE)
configure:2847: result: yes
configure:2876: checking whether make supports nested variables
configure:2893: result: yes
configure:3078: checking for g++
configure:3094: found /usr/bin/g++
configure:3105: result: g++
configure:3132: checking for C++ compiler version
configure:3141: g++ --version >&5
g++ (Ubuntu 6.3.0-12ubuntu2) 6.3.0 20170406
Copyright (C) 2016 Free Software Foundation, Inc.
This is free software; see the source for copying conditions.  There is NO
warranty; not even for MERCHANTABILITY or FITNESS FOR A PARTICULAR PURPOSE.

configure:3152: $? = 0
configure:3141: g++ -v >&5
Using built-in specs.
COLLECT_GCC=g++
COLLECT_LTO_WRAPPER=/usr/lib/gcc/x86_64-linux-gnu/6/lto-wrapper
Target: x86_64-linux-gnu
Configured with: ../src/configure -v --with-pkgversion='Ubuntu 6.3.0-12ubuntu2' --with-bugurl=file:///usr/share/doc/gcc-6/README.Bugs --enable-languages=c,ada,c++,java,go,d,fortran,objc,obj-c++ --prefix=/usr --program-suffix=-6 --program-prefix=x86_64-linux-gnu- --enable-shared --enable-linker-build-id --libexecdir=/usr/lib --without-included-gettext --enable-threads=posix --libdir=/usr/lib --enable-nls --with-sysroot=/ --enable-clocale=gnu --enable-libstdcxx-debug --enable-libstdcxx-time=yes --with-default-libstdcxx-abi=new --enable-gnu-unique-object --disable-vtable-verify --enable-libmpx --enable-plugin --enable-default-pie --with-system-zlib --disable-browser-plugin --enable-java-awt=gtk --enable-gtk-cairo --with-java-home=/usr/lib/jvm/java-1.5.0-gcj-6-amd64/jre --enable-java-home --with-jvm-root-dir=/usr/lib/jvm/java-1.5.0-gcj-6-amd64 --with-jvm-jar-dir=/usr/lib/jvm-exports/java-1.5.0-gcj-6-amd64 --with-arch-directory=amd64 --with-ecj-jar=/usr/share/java/eclipse-ecj.jar --with-target-system-zlib --enable-objc-gc=auto --enable-multiarch --disable-werror --with-arch-32=i686 --with-abi=m64 --with-multilib-list=m32,m64,mx32 --enable-multilib --with-tune=generic --enable-checking=release --build=x86_64-linux-gnu --host=x86_64-linux-gnu --target=x86_64-linux-gnu
Thread model: posix
gcc version 6.3.0 20170406 (Ubuntu 6.3.0-12ubuntu2) 
configure:3152: $? = 0
configure:3141: g++ -V >&5
g++: error: unrecognized command line option '-V'
g++: fatal error: no input files
compilation terminated.
configure:3152: $? = 1
configure:3141: g++ -qversion >&5
g++: error: unrecognized command line option '-qversion'; did you mean '--version'?
g++: fatal error: no input files
compilation terminated.
configure:3152: $? = 1
configure:3172: checking whether the C++ compiler works
configure:3194: g++    conftest.cpp  >&5
configure:3198: $? = 0
configure:3246: result: yes
configure:3249: checking for C++ compiler default output file name
configure:3251: result: a.out
configure:3257: checking for suffix of executables
configure:3264: g++ -o conftest    conftest.cpp  >&5
configure:3268: $? = 0
configure:3290: result: 
configure:3312: checking whether we are cross compiling
configure:3320: g++ -o conftest    conftest.cpp  >&5
configure:3324: $? = 0
configure:3331: ./conftest
configure:3335: $? = 0
configure:3350: result: no
configure:3355: checking for suffix of object files
configure:3377: g++ -c   conftest.cpp >&5
configure:3381: $? = 0
configure:3402: result: o
configure:3406: checking whether we are using the GNU C++ compiler
configure:3425: g++ -c   conftest.cpp >&5
configure:3425: $? = 0
configure:3434: result: yes
configure:3443: checking whether g++ accepts -g
configure:3463: g++ -c -g  conftest.cpp >&5
configure:3463: $? = 0
configure:3504: result: yes
configure:3538: checking for style of include used by make
configure:3566: result: GNU
configure:3592: checking dependency style of g++
configure:3703: result: gcc3
configure:3747: checking build system type
configure:3761: result: x86_64-pc-linux-gnu
configure:3781: checking host system type
configure:3794: result: x86_64-pc-linux-gnu
configure:3835: checking how to print strings
configure:3862: result: printf
configure:3931: checking for gcc
configure:3947: found /usr/bin/gcc
configure:3958: result: gcc
configure:4187: checking for C compiler version
configure:4196: gcc --version >&5
gcc (Ubuntu 6.3.0-12ubuntu2) 6.3.0 20170406
Copyright (C) 2016 Free Software Foundation, Inc.
This is free software; see the source for copying conditions.  There is NO
warranty; not even for MERCHANTABILITY or FITNESS FOR A PARTICULAR PURPOSE.

configure:4207: $? = 0
configure:4196: gcc -v >&5
Using built-in specs.
COLLECT_GCC=gcc
COLLECT_LTO_WRAPPER=/usr/lib/gcc/x86_64-linux-gnu/6/lto-wrapper
Target: x86_64-linux-gnu
Configured with: ../src/configure -v --with-pkgversion='Ubuntu 6.3.0-12ubuntu2' --with-bugurl=file:///usr/share/doc/gcc-6/README.Bugs --enable-languages=c,ada,c++,java,go,d,fortran,objc,obj-c++ --prefix=/usr --program-suffix=-6 --program-prefix=x86_64-linux-gnu- --enable-shared --enable-linker-build-id --libexecdir=/usr/lib --without-included-gettext --enable-threads=posix --libdir=/usr/lib --enable-nls --with-sysroot=/ --enable-clocale=gnu --enable-libstdcxx-debug --enable-libstdcxx-time=yes --with-default-libstdcxx-abi=new --enable-gnu-unique-object --disable-vtable-verify --enable-libmpx --enable-plugin --enable-default-pie --with-system-zlib --disable-browser-plugin --enable-java-awt=gtk --enable-gtk-cairo --with-java-home=/usr/lib/jvm/java-1.5.0-gcj-6-amd64/jre --enable-java-home --with-jvm-root-dir=/usr/lib/jvm/java-1.5.0-gcj-6-amd64 --with-jvm-jar-dir=/usr/lib/jvm-exports/java-1.5.0-gcj-6-amd64 --with-arch-directory=amd64 --with-ecj-jar=/usr/share/java/eclipse-ecj.jar --with-target-system-zlib --enable-objc-gc=auto --enable-multiarch --disable-werror --with-arch-32=i686 --with-abi=m64 --with-multilib-list=m32,m64,mx32 --enable-multilib --with-tune=generic --enable-checking=release --build=x86_64-linux-gnu --host=x86_64-linux-gnu --target=x86_64-linux-gnu
Thread model: posix
gcc version 6.3.0 20170406 (Ubuntu 6.3.0-12ubuntu2) 
configure:4207: $? = 0
configure:4196: gcc -V >&5
gcc: error: unrecognized command line option '-V'
gcc: fatal error: no input files
compilation terminated.
configure:4207: $? = 1
configure:4196: gcc -qversion >&5
gcc: error: unrecognized command line option '-qversion'; did you mean '--version'?
gcc: fatal error: no input files
compilation terminated.
configure:4207: $? = 1
configure:4211: checking whether we are using the GNU C compiler
configure:4230: gcc -c   conftest.c >&5
configure:4230: $? = 0
configure:4239: result: yes
configure:4248: checking whether gcc accepts -g
configure:4268: gcc -c -g  conftest.c >&5
configure:4268: $? = 0
configure:4309: result: yes
configure:4326: checking for gcc option to accept ISO C89
configure:4389: gcc  -c -g -O2  conftest.c >&5
configure:4389: $? = 0
configure:4402: result: none needed
configure:4427: checking whether gcc understands -c and -o together
configure:4449: gcc -c conftest.c -o conftest2.o
configure:4452: $? = 0
configure:4449: gcc -c conftest.c -o conftest2.o
configure:4452: $? = 0
configure:4464: result: yes
configure:4483: checking dependency style of gcc
configure:4594: result: gcc3
configure:4609: checking for a sed that does not truncate output
configure:4673: result: /bin/sed
configure:4691: checking for grep that handles long lines and -e
configure:4749: result: /bin/grep
configure:4754: checking for egrep
configure:4816: result: /bin/grep -E
configure:4821: checking for fgrep
configure:4883: result: /bin/grep -F
configure:4918: checking for ld used by gcc
configure:4985: result: /usr/bin/ld
configure:4992: checking if the linker (/usr/bin/ld) is GNU ld
configure:5007: result: yes
configure:5019: checking for BSD- or MS-compatible name lister (nm)
configure:5073: result: /usr/bin/nm -B
configure:5203: checking the name lister (/usr/bin/nm -B) interface
configure:5210: gcc -c -g -O2  conftest.c >&5
configure:5213: /usr/bin/nm -B "conftest.o"
configure:5216: output
0000000000000000 B some_variable
configure:5223: result: BSD nm
configure:5226: checking whether ln -s works
configure:5230: result: yes
configure:5238: checking the maximum length of command line arguments
configure:5369: result: 1572864
configure:5417: checking how to convert x86_64-pc-linux-gnu file names to x86_64-pc-linux-gnu format
configure:5457: result: func_convert_file_noop
configure:5464: checking how to convert x86_64-pc-linux-gnu file names to toolchain format
configure:5484: result: func_convert_file_noop
configure:5491: checking for /usr/bin/ld option to reload object files
configure:5498: result: -r
configure:5572: checking for objdump
configure:5588: found /usr/bin/objdump
configure:5599: result: objdump
configure:5631: checking how to recognize dependent libraries
configure:5831: result: pass_all
configure:5916: checking for dlltool
configure:5946: result: no
configure:5976: checking how to associate runtime and link libraries
configure:6003: result: printf %s\n
configure:6064: checking for ar
configure:6080: found /usr/bin/ar
configure:6091: result: ar
configure:6128: checking for archiver @FILE support
configure:6145: gcc -c -g -O2  conftest.c >&5
configure:6145: $? = 0
configure:6148: ar cru libconftest.a @conftest.lst >&5
ar: `u' modifier ignored since `D' is the default (see `U')
configure:6151: $? = 0
configure:6156: ar cru libconftest.a @conftest.lst >&5
ar: `u' modifier ignored since `D' is the default (see `U')
ar: conftest.o: No such file or directory
configure:6159: $? = 1
configure:6171: result: @
configure:6229: checking for strip
configure:6245: found /usr/bin/strip
configure:6256: result: strip
configure:6328: checking for ranlib
configure:6344: found /usr/bin/ranlib
configure:6355: result: ranlib
configure:6457: checking command to parse /usr/bin/nm -B output from gcc object
configure:6610: gcc -c -g -O2  conftest.c >&5
configure:6613: $? = 0
configure:6617: /usr/bin/nm -B conftest.o \| sed -n -e 's/^.*[ ]\([ABCDGIRSTW][ABCDGIRSTW]*\)[ ][ ]*\([_A-Za-z][_A-Za-z0-9]*\)$/\1 \2 \2/p' | sed '/ __gnu_lto/d' \> conftest.nm
configure:6620: $? = 0
configure:6686: gcc -o conftest -g -O2   conftest.c conftstm.o >&5
configure:6689: $? = 0
configure:6727: result: ok
configure:6774: checking for sysroot
configure:6804: result: no
configure:6811: checking for a working dd
configure:6849: result: /bin/dd
configure:6853: checking how to truncate binary pipes
configure:6868: result: /bin/dd bs=4096 count=1
configure:7004: gcc -c -g -O2  conftest.c >&5
configure:7007: $? = 0
configure:7197: checking for mt
configure:7213: found /bin/mt
configure:7224: result: mt
configure:7247: checking if mt is a manifest tool
configure:7253: mt '-?'
configure:7261: result: no
configure:7938: checking how to run the C preprocessor
configure:7969: gcc -E  conftest.c
configure:7969: $? = 0
configure:7983: gcc -E  conftest.c
conftest.c:11:28: fatal error: ac_nonexistent.h: No such file or directory
 #include <ac_nonexistent.h>
                            ^
compilation terminated.
configure:7983: $? = 1
configure: failed program was:
| /* confdefs.h */
| #define PACKAGE_NAME "cursestk"
| #define PACKAGE_TARNAME "cursestk"
| #define PACKAGE_VERSION "0.1"
| #define PACKAGE_STRING "cursestk 0.1"
| #define PACKAGE_BUGREPORT "BUG-REPORT-ADDRESS"
| #define PACKAGE_URL ""
| #define PACKAGE "cursestk"
| #define VERSION "0.1"
| /* end confdefs.h.  */
| #include <ac_nonexistent.h>
configure:8008: result: gcc -E
configure:8028: gcc -E  conftest.c
configure:8028: $? = 0
configure:8042: gcc -E  conftest.c
conftest.c:11:28: fatal error: ac_nonexistent.h: No such file or directory
 #include <ac_nonexistent.h>
                            ^
compilation terminated.
configure:8042: $? = 1
configure: failed program was:
| /* confdefs.h */
| #define PACKAGE_NAME "cursestk"
| #define PACKAGE_TARNAME "cursestk"
| #define PACKAGE_VERSION "0.1"
| #define PACKAGE_STRING "cursestk 0.1"
| #define PACKAGE_BUGREPORT "BUG-REPORT-ADDRESS"
| #define PACKAGE_URL ""
| #define PACKAGE "cursestk"
| #define VERSION "0.1"
| /* end confdefs.h.  */
| #include <ac_nonexistent.h>
configure:8071: checking for ANSI C header files
configure:8091: gcc -c -g -O2  conftest.c >&5
configure:8091: $? = 0
configure:8164: gcc -o conftest -g -O2   conftest.c  >&5
configure:8164: $? = 0
configure:8164: ./conftest
configure:8164: $? = 0
configure:8175: result: yes
configure:8188: checking for sys/types.h
configure:8188: gcc -c -g -O2  conftest.c >&5
configure:8188: $? = 0
configure:8188: result: yes
configure:8188: checking for sys/stat.h
configure:8188: gcc -c -g -O2  conftest.c >&5
configure:8188: $? = 0
configure:8188: result: yes
configure:8188: checking for stdlib.h
configure:8188: gcc -c -g -O2  conftest.c >&5
configure:8188: $? = 0
configure:8188: result: yes
configure:8188: checking for string.h
configure:8188: gcc -c -g -O2  conftest.c >&5
configure:8188: $? = 0
configure:8188: result: yes
configure:8188: checking for memory.h
configure:8188: gcc -c -g -O2  conftest.c >&5
configure:8188: $? = 0
configure:8188: result: yes
configure:8188: checking for strings.h
configure:8188: gcc -c -g -O2  conftest.c >&5
configure:8188: $? = 0
configure:8188: result: yes
configure:8188: checking for inttypes.h
configure:8188: gcc -c -g -O2  conftest.c >&5
configure:8188: $? = 0
configure:8188: result: yes
configure:8188: checking for stdint.h
configure:8188: gcc -c -g -O2  conftest.c >&5
configure:8188: $? = 0
configure:8188: result: yes
configure:8188: checking for unistd.h
configure:8188: gcc -c -g -O2  conftest.c >&5
configure:8188: $? = 0
configure:8188: result: yes
configure:8202: checking for dlfcn.h
configure:8202: gcc -c -g -O2  conftest.c >&5
configure:8202: $? = 0
configure:8202: result: yes
configure:8439: checking for objdir
configure:8454: result: .libs
configure:8714: checking if gcc supports -fno-rtti -fno-exceptions
configure:8732: gcc -c -g -O2  -fno-rtti -fno-exceptions conftest.c >&5
cc1: warning: command line option '-fno-rtti' is valid for C++/ObjC++ but not for C
configure:8736: $? = 0
configure:8749: result: no
configure:9107: checking for gcc option to produce PIC
configure:9114: result: -fPIC -DPIC
configure:9122: checking if gcc PIC flag -fPIC -DPIC works
configure:9140: gcc -c -g -O2  -fPIC -DPIC -DPIC conftest.c >&5
configure:9144: $? = 0
configure:9157: result: yes
configure:9186: checking if gcc static flag -static works
configure:9214: result: yes
configure:9229: checking if gcc supports -c -o file.o
configure:9250: gcc -c -g -O2  -o out/conftest2.o conftest.c >&5
configure:9254: $? = 0
configure:9276: result: yes
configure:9284: checking if gcc supports -c -o file.o
configure:9331: result: yes
configure:9364: checking whether the gcc linker (/usr/bin/ld -m elf_x86_64) supports shared libraries
configure:10627: result: yes
configure:10664: checking whether -lc should be explicitly linked in
configure:10672: gcc -c -g -O2  conftest.c >&5
configure:10675: $? = 0
configure:10690: gcc -shared  -fPIC -DPIC conftest.o  -v -Wl,-soname -Wl,conftest -o conftest 2\>\&1 \| /bin/grep  -lc  \>/dev/null 2\>\&1
configure:10693: $? = 0
configure:10707: result: no
configure:10867: checking dynamic linker characteristics
configure:11448: gcc -o conftest -g -O2   -Wl,-rpath -Wl,/foo conftest.c  >&5
configure:11448: $? = 0
configure:11697: result: GNU/Linux ld.so
configure:11819: checking how to hardcode library paths into programs
configure:11844: result: immediate
configure:12392: checking whether stripping libraries is possible
configure:12397: result: yes
configure:12432: checking if libtool supports shared libraries
configure:12434: result: yes
configure:12437: checking whether to build shared libraries
configure:12462: result: yes
configure:12465: checking whether to build static libraries
configure:12469: result: yes
configure:12492: checking how to run the C++ preprocessor
configure:12519: g++ -E  conftest.cpp
configure:12519: $? = 0
configure:12533: g++ -E  conftest.cpp
conftest.cpp:23:28: fatal error: ac_nonexistent.h: No such file or directory
 #include <ac_nonexistent.h>
                            ^
compilation terminated.
configure:12533: $? = 1
configure: failed program was:
| /* confdefs.h */
| #define PACKAGE_NAME "cursestk"
| #define PACKAGE_TARNAME "cursestk"
| #define PACKAGE_VERSION "0.1"
| #define PACKAGE_STRING "cursestk 0.1"
| #define PACKAGE_BUGREPORT "BUG-REPORT-ADDRESS"
| #define PACKAGE_URL ""
| #define PACKAGE "cursestk"
| #define VERSION "0.1"
| #define STDC_HEADERS 1
| #define HAVE_SYS_TYPES_H 1
| #define HAVE_SYS_STAT_H 1
| #define HAVE_STDLIB_H 1
| #define HAVE_STRING_H 1
| #define HAVE_MEMORY_H 1
| #define HAVE_STRINGS_H 1
| #define HAVE_INTTYPES_H 1
| #define HAVE_STDINT_H 1
| #define HAVE_UNISTD_H 1
| #define HAVE_DLFCN_H 1
| #define LT_OBJDIR ".libs/"
| /* end confdefs.h.  */
| #include <ac_nonexistent.h>
configure:12558: result: g++ -E
configure:12578: g++ -E  conftest.cpp
configure:12578: $? = 0
configure:12592: g++ -E  conftest.cpp
conftest.cpp:23:28: fatal error: ac_nonexistent.h: No such file or directory
 #include <ac_nonexistent.h>
                            ^
compilation terminated.
configure:12592: $? = 1
configure: failed program was:
| /* confdefs.h */
| #define PACKAGE_NAME "cursestk"
| #define PACKAGE_TARNAME "cursestk"
| #define PACKAGE_VERSION "0.1"
| #define PACKAGE_STRING "cursestk 0.1"
| #define PACKAGE_BUGREPORT "BUG-REPORT-ADDRESS"
| #define PACKAGE_URL ""
| #define PACKAGE "cursestk"
| #define VERSION "0.1"
| #define STDC_HEADERS 1
| #define HAVE_SYS_TYPES_H 1
| #define HAVE_SYS_STAT_H 1
| #define HAVE_STDLIB_H 1
| #define HAVE_STRING_H 1
| #define HAVE_MEMORY_H 1
| #define HAVE_STRINGS_H 1
| #define HAVE_INTTYPES_H 1
| #define HAVE_STDINT_H 1
| #define HAVE_UNISTD_H 1
| #define HAVE_DLFCN_H 1
| #define LT_OBJDIR ".libs/"
| /* end confdefs.h.  */
| #include <ac_nonexistent.h>
configure:12754: checking for ld used by g++
configure:12821: result: /usr/bin/ld -m elf_x86_64
configure:12828: checking if the linker (/usr/bin/ld -m elf_x86_64) is GNU ld
configure:12843: result: yes
configure:12898: checking whether the g++ linker (/usr/bin/ld -m elf_x86_64) supports shared libraries
configure:13971: result: yes
configure:14007: g++ -c -g -O2  conftest.cpp >&5
configure:14010: $? = 0
configure:14491: checking for g++ option to produce PIC
configure:14498: result: -fPIC -DPIC
configure:14506: checking if g++ PIC flag -fPIC -DPIC works
configure:14524: g++ -c -g -O2  -fPIC -DPIC -DPIC conftest.cpp >&5
configure:14528: $? = 0
configure:14541: result: yes
configure:14564: checking if g++ static flag -static works
configure:14592: result: yes
configure:14604: checking if g++ supports -c -o file.o
configure:14625: g++ -c -g -O2  -o out/conftest2.o conftest.cpp >&5
configure:14629: $? = 0
configure:14651: result: yes
configure:14656: checking if g++ supports -c -o file.o
configure:14703: result: yes
configure:14733: checking whether the g++ linker (/usr/bin/ld -m elf_x86_64) supports shared libraries
configure:14776: result: yes
configure:14917: checking dynamic linker characteristics
configure:15674: result: GNU/Linux ld.so
configure:15739: checking how to hardcode library paths into programs
configure:15764: result: immediate
configure:15830: checking for stdlib.h
configure:15830: result: yes
configure:15896: checking for pkg-config
configure:15914: found /usr/bin/pkg-config
configure:15926: result: /usr/bin/pkg-config
configure:15951: checking pkg-config is at least version 0.9.0
configure:15954: result: yes
configure:15964: checking for ncurses
configure:15971: $PKG_CONFIG --exists --print-errors "ncurses > 5.0"
configure:15974: $? = 0
configure:15988: $PKG_CONFIG --exists --print-errors "ncurses > 5.0"
configure:15991: $? = 0
configure:16049: result: yes
configure:16168: checking that generated files are newer than configure
configure:16174: result: done
configure:16201: creating ./config.status

## ---------------------- ##
## Running config.status. ##
## ---------------------- ##

This file was extended by cursestk config.status 0.1, which was
generated by GNU Autoconf 2.69.  Invocation command line was

  CONFIG_FILES    = 
  CONFIG_HEADERS  = 
  CONFIG_LINKS    = 
  CONFIG_COMMANDS = 
  $ ./config.status 

on asus

config.status:1155: creating Makefile
config.status:1155: creating src/Makefile
config.status:1155: creating cursestk.pc
config.status:1155: creating config.h
config.status:1384: executing depfiles commands
config.status:1384: executing libtool commands

## ---------------- ##
## Cache variables. ##
## ---------------- ##

ac_cv_build=x86_64-pc-linux-gnu
ac_cv_c_compiler_gnu=yes
ac_cv_cxx_compiler_gnu=yes
ac_cv_env_CCC_set=
ac_cv_env_CCC_value=
ac_cv_env_CC_set=
ac_cv_env_CC_value=
ac_cv_env_CFLAGS_set=
ac_cv_env_CFLAGS_value=
ac_cv_env_CPPFLAGS_set=
ac_cv_env_CPPFLAGS_value=
ac_cv_env_CPP_set=
ac_cv_env_CPP_value=
ac_cv_env_CXXCPP_set=
ac_cv_env_CXXCPP_value=
ac_cv_env_CXXFLAGS_set=
ac_cv_env_CXXFLAGS_value=
ac_cv_env_CXX_set=
ac_cv_env_CXX_value=
ac_cv_env_LDFLAGS_set=
ac_cv_env_LDFLAGS_value=
ac_cv_env_LIBS_set=
ac_cv_env_LIBS_value=
ac_cv_env_LT_SYS_LIBRARY_PATH_set=
ac_cv_env_LT_SYS_LIBRARY_PATH_value=
ac_cv_env_PKG_CONFIG_LIBDIR_set=
ac_cv_env_PKG_CONFIG_LIBDIR_value=
ac_cv_env_PKG_CONFIG_PATH_set=
ac_cv_env_PKG_CONFIG_PATH_value=
ac_cv_env_PKG_CONFIG_set=
ac_cv_env_PKG_CONFIG_value=
ac_cv_env_build_alias_set=
ac_cv_env_build_alias_value=
ac_cv_env_host_alias_set=
ac_cv_env_host_alias_value=
ac_cv_env_ncurses_CFLAGS_set=
ac_cv_env_ncurses_CFLAGS_value=
ac_cv_env_ncurses_LIBS_set=
ac_cv_env_ncurses_LIBS_value=
ac_cv_env_target_alias_set=
ac_cv_env_target_alias_value=
ac_cv_header_dlfcn_h=yes
ac_cv_header_inttypes_h=yes
ac_cv_header_memory_h=yes
ac_cv_header_stdc=yes
ac_cv_header_stdint_h=yes
ac_cv_header_stdlib_h=yes
ac_cv_header_string_h=yes
ac_cv_header_strings_h=yes
ac_cv_header_sys_stat_h=yes
ac_cv_header_sys_types_h=yes
ac_cv_header_unistd_h=yes
ac_cv_host=x86_64-pc-linux-gnu
ac_cv_objext=o
ac_cv_path_EGREP='/bin/grep -E'
ac_cv_path_FGREP='/bin/grep -F'
ac_cv_path_GREP=/bin/grep
ac_cv_path_SED=/bin/sed
ac_cv_path_ac_pt_PKG_CONFIG=/usr/bin/pkg-config
ac_cv_path_install='/usr/bin/install -c'
ac_cv_path_lt_DD=/bin/dd
ac_cv_path_mkdir=/bin/mkdir
ac_cv_prog_AWK=mawk
ac_cv_prog_CPP='gcc -E'
ac_cv_prog_CXXCPP='g++ -E'
ac_cv_prog_ac_ct_AR=ar
ac_cv_prog_ac_ct_CC=gcc
ac_cv_prog_ac_ct_CXX=g++
ac_cv_prog_ac_ct_MANIFEST_TOOL=mt
ac_cv_prog_ac_ct_OBJDUMP=objdump
ac_cv_prog_ac_ct_RANLIB=ranlib
ac_cv_prog_ac_ct_STRIP=strip
ac_cv_prog_cc_c89=
ac_cv_prog_cc_g=yes
ac_cv_prog_cxx_g=yes
ac_cv_prog_make_make_set=yes
am_cv_CC_dependencies_compiler_type=gcc3
am_cv_CXX_dependencies_compiler_type=gcc3
am_cv_make_support_nested_variables=yes
am_cv_prog_cc_c_o=yes
lt_cv_ar_at_file=@
lt_cv_archive_cmds_need_lc=no
lt_cv_deplibs_check_method=pass_all
lt_cv_file_magic_cmd='$MAGIC_CMD'
lt_cv_file_magic_test_file=
lt_cv_ld_reload_flag=-r
lt_cv_nm_interface='BSD nm'
lt_cv_objdir=.libs
lt_cv_path_LD=/usr/bin/ld
lt_cv_path_LDCXX='/usr/bin/ld -m elf_x86_64'
lt_cv_path_NM='/usr/bin/nm -B'
lt_cv_path_mainfest_tool=no
lt_cv_prog_compiler_c_o=yes
lt_cv_prog_compiler_c_o_CXX=yes
lt_cv_prog_compiler_pic='-fPIC -DPIC'
lt_cv_prog_compiler_pic_CXX='-fPIC -DPIC'
lt_cv_prog_compiler_pic_works=yes
lt_cv_prog_compiler_pic_works_CXX=yes
lt_cv_prog_compiler_rtti_exceptions=no
lt_cv_prog_compiler_static_works=yes
lt_cv_prog_compiler_static_works_CXX=yes
lt_cv_prog_gnu_ld=yes
lt_cv_prog_gnu_ldcxx=yes
lt_cv_sharedlib_from_linklib_cmd='printf %s\n'
lt_cv_shlibpath_overrides_runpath=yes
lt_cv_sys_global_symbol_pipe='sed -n -e '\''s/^.*[	 ]\([ABCDGIRSTW][ABCDGIRSTW]*\)[	 ][	 ]*\([_A-Za-z][_A-Za-z0-9]*\)$/\1 \2 \2/p'\'' | sed '\''/ __gnu_lto/d'\'''
lt_cv_sys_global_symbol_to_c_name_address='sed -n -e '\''s/^: \(.*\) .*$/  {"\1", (void *) 0},/p'\'' -e '\''s/^[ABCDGIRSTW][ABCDGIRSTW]* .* \(.*\)$/  {"\1", (void *) \&\1},/p'\'''
lt_cv_sys_global_symbol_to_c_name_address_lib_prefix='sed -n -e '\''s/^: \(.*\) .*$/  {"\1", (void *) 0},/p'\'' -e '\''s/^[ABCDGIRSTW][ABCDGIRSTW]* .* \(lib.*\)$/  {"\1", (void *) \&\1},/p'\'' -e '\''s/^[ABCDGIRSTW][ABCDGIRSTW]* .* \(.*\)$/  {"lib\1", (void *) \&\1},/p'\'''
lt_cv_sys_global_symbol_to_cdecl='sed -n -e '\''s/^T .* \(.*\)$/extern int \1();/p'\'' -e '\''s/^[ABCDGIRSTW][ABCDGIRSTW]* .* \(.*\)$/extern char \1;/p'\'''
lt_cv_sys_global_symbol_to_import=
lt_cv_sys_max_cmd_len=1572864
lt_cv_to_host_file_cmd=func_convert_file_noop
lt_cv_to_tool_file_cmd=func_convert_file_noop
lt_cv_truncate_bin='/bin/dd bs=4096 count=1'
pkg_cv_ncurses_CFLAGS=-D_GNU_SOURCE
pkg_cv_ncurses_LIBS='-lncurses -ltinfo'

## ----------------- ##
## Output variables. ##
## ----------------- ##

ACLOCAL='${SHELL} /home/tom/prog/c/curses/missing aclocal-1.15'
AMDEPBACKSLASH='\'
AMDEP_FALSE='#'
AMDEP_TRUE=''
AMTAR='$${TAR-tar}'
AM_BACKSLASH='\'
AM_DEFAULT_V='$(AM_DEFAULT_VERBOSITY)'
AM_DEFAULT_VERBOSITY='1'
AM_V='$(V)'
AR='ar'
AUTOCONF='${SHELL} /home/tom/prog/c/curses/missing autoconf'
AUTOHEADER='${SHELL} /home/tom/prog/c/curses/missing autoheader'
AUTOMAKE='${SHELL} /home/tom/prog/c/curses/missing automake-1.15'
AWK='mawk'
CC='gcc'
CCDEPMODE='depmode=gcc3'
CFLAGS='-g -O2'
CPP='gcc -E'
CPPFLAGS=''
CXX='g++'
CXXCPP='g++ -E'
CXXDEPMODE='depmode=gcc3'
CXXFLAGS='-g -O2'
CYGPATH_W='echo'
DEFS='-DHAVE_CONFIG_H'
DEPDIR='.deps'
DLLTOOL='false'
DSYMUTIL=''
DUMPBIN=''
ECHO_C=''
ECHO_N='-n'
ECHO_T=''
EGREP='/bin/grep -E'
EXEEXT=''
FGREP='/bin/grep -F'
GREP='/bin/grep'
INSTALL_DATA='${INSTALL} -m 644'
INSTALL_PROGRAM='${INSTALL}'
INSTALL_SCRIPT='${INSTALL}'
INSTALL_STRIP_PROGRAM='$(install_sh) -c -s'
LD='/usr/bin/ld -m elf_x86_64'
LDFLAGS=''
LIBOBJS=''
LIBS=''
LIBTOOL='$(SHELL) $(top_builddir)/libtool'
LIPO=''
LN_S='ln -s'
LTLIBOBJS=''
LT_SYS_LIBRARY_PATH=''
MAKEINFO='${SHELL} /home/tom/prog/c/curses/missing makeinfo'
MANIFEST_TOOL=':'
MKDIR_P='/bin/mkdir -p'
NM='/usr/bin/nm -B'
NMEDIT=''
OBJDUMP='objdump'
OBJEXT='o'
OTOOL64=''
OTOOL=''
PACKAGE='cursestk'
PACKAGE_BUGREPORT='BUG-REPORT-ADDRESS'
PACKAGE_NAME='cursestk'
PACKAGE_STRING='cursestk 0.1'
PACKAGE_TARNAME='cursestk'
PACKAGE_URL=''
PACKAGE_VERSION='0.1'
PATH_SEPARATOR=':'
PKG_CONFIG='/usr/bin/pkg-config'
PKG_CONFIG_LIBDIR=''
PKG_CONFIG_PATH=''
RANLIB='ranlib'
SED='/bin/sed'
SET_MAKE=''
SHELL='/bin/bash'
STRIP='strip'
VERSION='0.1'
ac_ct_AR='ar'
ac_ct_CC='gcc'
ac_ct_CXX='g++'
ac_ct_DUMPBIN=''
am__EXEEXT_FALSE=''
am__EXEEXT_TRUE='#'
am__fastdepCC_FALSE='#'
am__fastdepCC_TRUE=''
am__fastdepCXX_FALSE='#'
am__fastdepCXX_TRUE=''
am__include='include'
am__isrc=''
am__leading_dot='.'
am__nodep='_no'
am__quote=''
am__tar='$${TAR-tar} chof - "$$tardir"'
am__untar='$${TAR-tar} xf -'
bindir='${exec_prefix}/bin'
build='x86_64-pc-linux-gnu'
build_alias=''
build_cpu='x86_64'
build_os='linux-gnu'
build_vendor='pc'
datadir='${datarootdir}'
datarootdir='${prefix}/share'
docdir='${datarootdir}/doc/${PACKAGE_TARNAME}'
dvidir='${docdir}'
exec_prefix='${prefix}'
host='x86_64-pc-linux-gnu'
host_alias=''
host_cpu='x86_64'
host_os='linux-gnu'
host_vendor='pc'
htmldir='${docdir}'
includedir='${prefix}/include'
infodir='${datarootdir}/info'
install_sh='${SHELL} /home/tom/prog/c/curses/install-sh'
libdir='${exec_prefix}/lib'
libexecdir='${exec_prefix}/libexec'
localedir='${datarootdir}/locale'
localstatedir='${prefix}/var'
mandir='${datarootdir}/man'
mkdir_p='$(MKDIR_P)'
ncurses_CFLAGS='-D_GNU_SOURCE'
ncurses_LIBS='-lncurses -ltinfo'
oldincludedir='/usr/include'
pdfdir='${docdir}'
prefix='/usr/local'
program_transform_name='s,x,x,'
psdir='${docdir}'
runstatedir='${localstatedir}/run'
sbindir='${exec_prefix}/sbin'
sharedstatedir='${prefix}/com'
sysconfdir='${prefix}/etc'
target_alias=''

## ----------- ##
## confdefs.h. ##
## ----------- ##

/* confdefs.h */
#define PACKAGE_NAME "cursestk"
#define PACKAGE_TARNAME "cursestk"
#define PACKAGE_VERSION "0.1"
#define PACKAGE_STRING "cursestk 0.1"
#define PACKAGE_BUGREPORT "BUG-REPORT-ADDRESS"
#define PACKAGE_URL ""
#define PACKAGE "cursestk"
#define VERSION "0.1"
#define STDC_HEADERS 1
#define HAVE_SYS_TYPES_H 1
#define HAVE_SYS_STAT_H 1
#define HAVE_STDLIB_H 1
#define HAVE_STRING_H 1
#define HAVE_MEMORY_H 1
#define HAVE_STRINGS_H 1
#define HAVE_INTTYPES_H 1
#define HAVE_STDINT_H 1
#define HAVE_UNISTD_H 1
#define HAVE_DLFCN_H 1
#define LT_OBJDIR ".libs/"
#define HAVE_STDLIB_H 1

configure: exit 0
